<?xml version="1.0" encoding="UTF-8"?>
<Site BuildName="(empty)"
	BuildStamp="20241021-1223-Experimental"
	Name="(empty)"
	Generator="ctest-3.22.1"
	CompilerName=""
	CompilerVersion=""
	OSName="Linux"
	Hostname="ubuntu2204"
	OSRelease="5.15.0-122-generic"
	OSVersion="#132-Ubuntu SMP Thu Aug 29 13:45:52 UTC 2024"
	OSPlatform="x86_64"
	Is64Bits="1"
	VendorString="GenuineIntel"
	VendorID="Intel Corporation"
	FamilyID="6"
	ModelID="151"
	ProcessorCacheSize="25600"
	NumberOfLogicalCPU="4"
	NumberOfPhysicalCPU="4"
	TotalVirtualMemory="3922"
	TotalPhysicalMemory="3911"
	LogicalProcessorsPerPhysical="1"
	ProcessorClockFrequency="3609.6"
	>
	<Testing>
		<StartDateTime>Oct 21 12:39 UTC</StartDateTime>
		<StartTestTime>1729514363</StartTestTime>
		<TestList>
			<Test>./unit_test/Test_luaclass_gc</Test>
		</TestList>
		<Test Status="passed">
			<Name>Test_luaclass_gc</Name>
			<Path>./unit_test</Path>
			<FullName>./unit_test/Test_luaclass_gc</FullName>
			<FullCommandLine>/home/yqm/Git/owner/bbtools/bbtools-cxxlua/build/bin/unit_test/Test_luaclass_gc</FullCommandLine>
			<Results>
				<NamedMeasurement type="numeric/double" name="Execution Time">
					<Value>0.266911</Value>
				</NamedMeasurement>
				<NamedMeasurement type="numeric/double" name="Processors">
					<Value>1</Value>
				</NamedMeasurement>
				<NamedMeasurement type="text/string" name="Completion Status">
					<Value>Completed</Value>
				</NamedMeasurement>
				<NamedMeasurement type="text/string" name="Command Line">
					<Value>/home/yqm/Git/owner/bbtools/bbtools-cxxlua/build/bin/unit_test/Test_luaclass_gc</Value>
				</NamedMeasurement>
				<NamedMeasurement type="text/string" name="Environment">
					<Value>#CTEST_RESOURCE_GROUP_COUNT=</Value>
				</NamedMeasurement>
				<Measurement>
					<Value>Running 1 test case...

[NON-XML-CHAR-0x1B][1;32;49m*** No errors detected
[NON-XML-CHAR-0x1B][0;39;49m
</Value>
				</Measurement>
			</Results>
		</Test>
		<EndDateTime>Oct 21 12:39 UTC</EndDateTime>
		<EndTestTime>1729514363</EndTestTime>
		<ElapsedMinutes>0</ElapsedMinutes>
	</Testing>
</Site>
